"FreeRTOS Task Aware Debugger for GDB" version 1.0.2 (201704260904)
(c) 2016 NXP Semiconductors, Inc.
==================================
11:25:31.169 INFO: [TadModel] DSF session ID 5 has started.
11:25:36.813 INFO: [TadState] TAD state changed:  DEBUG_STARTED -> DEBUG_INIT_0 (SUSPENDED, USER_REQUEST)
11:25:40.659 INFO: [TadState] TAD state changed:  DEBUG_INIT_0 -> DEBUG_INIT_1 (RESUMED, USER_REQUEST)
11:25:40.723 INFO: [TadState] TAD state changed:  DEBUG_INIT_1 -> DEBUG_SUSPENDED (SUSPENDED, BREAKPOINT)
11:25:43.379 INFO: [TadState] TAD state changed:  DEBUG_SUSPENDED -> DEBUG_RESUMED (RESUMED, USER_REQUEST)
11:26:19.843 INFO: [TadState] TAD state changed:  DEBUG_RESUMED -> READY (SUSPENDED, BREAKPOINT)
11:26:23.736 INFO: [TadState] TAD state changed:  READY -> DEBUG_RESUMED (RESUMED, STEP)
11:26:24.121 INFO: [TadState] TAD state changed:  DEBUG_RESUMED -> READY (SUSPENDED, STEP)
11:26:26.217 INFO: [TadState] TAD state changed:  READY -> DEBUG_RESUMED (RESUMED, STEP)
11:26:26.333 INFO: [TadState] TAD state changed:  DEBUG_RESUMED -> READY (SUSPENDED, STEP)
11:26:27.938 INFO: [TadState] TAD state changed:  READY -> DEBUG_RESUMED (RESUMED, STEP)
11:26:28.191 INFO: [TadState] TAD state changed:  DEBUG_RESUMED -> READY (SUSPENDED, STEP)
11:26:30.924 INFO: [TadState] TAD state changed:  READY -> DEBUG_RESUMED (RESUMED, STEP)
11:26:31.384 INFO: [TadState] TAD state changed:  DEBUG_RESUMED -> READY (SUSPENDED, STEP)
11:26:36.356 INFO: [TadState] TAD state changed:  READY -> DEBUG_RESUMED (RESUMED, STEP)
11:26:36.424 INFO: [TadState] TAD state changed:  DEBUG_RESUMED -> READY (SUSPENDED, STEP)
11:26:39.72 INFO: [TadState] TAD state changed:  READY -> DEBUG_RESUMED (RESUMED, STEP)
11:26:39.855 INFO: [TadState] TAD state changed:  DEBUG_RESUMED -> READY (SUSPENDED, STEP)
11:26:45.212 INFO: [TadState] TAD state changed:  READY -> DEBUG_RESUMED (RESUMED, STEP)
11:27:10.254 INFO: [TadState] TAD state changed:  DEBUG_RESUMED -> READY (SUSPENDED, SIGNAL)
11:27:17.139 INFO: [TadState] TAD state changed:  READY -> DEBUG_RESUMED (RESUMED, USER_REQUEST)
11:27:17.293 INFO: [TadState] TAD state changed:  DEBUG_RESUMED -> READY (SUSPENDED, BREAKPOINT)
11:27:23.977 INFO: [TadState] TAD state changed:  READY -> DEBUG_RESUMED (RESUMED, USER_REQUEST)
11:27:35.96 INFO: [TadState] TAD state changed:  DEBUG_RESUMED -> READY (SUSPENDED, BREAKPOINT)
11:27:53.278 INFO: [TadState] TAD state changed:  READY -> DEBUG_RESUMED (RESUMED, USER_REQUEST)
11:28:04.696 INFO: [TadState] TAD state changed:  DEBUG_RESUMED -> READY (SUSPENDED, SIGNAL)
11:28:17.822 INFO: [TadState] TAD state changed:  READY -> DEBUG_RESUMED (RESUMED, USER_REQUEST)
11:28:19.480 INFO: [TadState] TAD state changed:  DEBUG_RESUMED -> READY (SUSPENDED, SIGNAL)
11:29:20.662 INFO: [TadModel] DSF session ID 5 has ended.
